<?xml version="1.0" encoding="UTF-8"?>
<!-- Generated by org.testng.reporters.JUnitReportReporter -->
<testsuite hostname="DESKTOP-0V34456" failures="0" tests="1" name="com.invicta.qa.testcases.login.LoginTest" time="5.750" errors="0" timestamp="22 Feb 2023 09:18:23 GMT" skipped="0">
  <testcase classname="com.invicta.qa.testcases.login.LoginTest" name="Login" time="5.750"/>
</testsuite> <!-- com.invicta.qa.testcases.login.LoginTest -->
