<?xml version="1.0" encoding="UTF-8"?>
<!-- Generated by org.testng.reporters.JUnitReportReporter -->
<testsuite hostname="DESKTOP-0V34456" failures="0" tests="13" name="com.invicta.qa.testcases.EmployeeImportTest" time="210.569" errors="3" timestamp="23 Feb 2023 17:54:27 GMT" skipped="0">
  <testcase classname="com.invicta.qa.testcases.EmployeeImportTest" name="MaterialImportButton" time="9.083"/>
  <testcase classname="com.invicta.qa.testcases.EmployeeImportTest" name="NextButtonEanble" time="5.210"/>
  <testcase classname="com.invicta.qa.testcases.EmployeeImportTest" name="MaterialExportButton" time="2.362"/>
  <testcase classname="com.invicta.qa.testcases.EmployeeImportTest" name="PageRedrict" time="2.175"/>
  <testcase classname="com.invicta.qa.testcases.EmployeeImportTest" name="SecPagepreButDisable" time="2.065"/>
  <testcase classname="com.invicta.qa.testcases.EmployeeImportTest" name="DefaultIndexPage" time="2.005">
    <error message="Cannot invoke &quot;org.openqa.selenium.WebElement.isDisplayed()&quot; because &quot;com.invicta.qa.pages.EmployeeImportPage.DefaultPaginationPage&quot; is null" type="java.lang.NullPointerException">
      <![CDATA[java.lang.NullPointerException: Cannot invoke "org.openqa.selenium.WebElement.isDisplayed()" because "com.invicta.qa.pages.EmployeeImportPage.DefaultPaginationPage" is null
at com.invicta.qa.testcases.EmployeeImportTest.DefaultIndexPage(EmployeeImportTest.java:1575)
at java.base/jdk.internal.reflect.DirectMethodHandleAccessor.invoke(DirectMethodHandleAccessor.java:104)
at java.base/java.lang.reflect.Method.invoke(Method.java:578)
at org.testng.internal.MethodInvocationHelper.invokeMethod(MethodInvocationHelper.java:124)
at org.testng.internal.Invoker.invokeMethod(Invoker.java:583)
at org.testng.internal.Invoker.invokeTestMethod(Invoker.java:719)
at org.testng.internal.Invoker.invokeTestMethods(Invoker.java:989)
at org.testng.internal.TestMethodWorker.invokeTestMethods(TestMethodWorker.java:125)
at org.testng.internal.TestMethodWorker.run(TestMethodWorker.java:109)
at org.testng.TestRunner.privateRun(TestRunner.java:648)
at org.testng.TestRunner.run(TestRunner.java:505)
at org.testng.SuiteRunner.runTest(SuiteRunner.java:455)
at org.testng.SuiteRunner.runSequentially(SuiteRunner.java:450)
at org.testng.SuiteRunner.privateRun(SuiteRunner.java:415)
at org.testng.SuiteRunner.run(SuiteRunner.java:364)
at org.testng.SuiteRunnerWorker.runSuite(SuiteRunnerWorker.java:52)
at org.testng.SuiteRunnerWorker.run(SuiteRunnerWorker.java:84)
at org.testng.TestNG.runSuitesSequentially(TestNG.java:1208)
at org.testng.TestNG.runSuitesLocally(TestNG.java:1137)
at org.testng.TestNG.runSuites(TestNG.java:1049)
at org.testng.TestNG.run(TestNG.java:1017)
at org.testng.remote.AbstractRemoteTestNG.run(AbstractRemoteTestNG.java:115)
at org.testng.remote.RemoteTestNG.initAndRun(RemoteTestNG.java:251)
at org.testng.remote.RemoteTestNG.main(RemoteTestNG.java:77)
]]>
    </error>
  </testcase> <!-- DefaultIndexPage -->
  <testcase classname="com.invicta.qa.testcases.EmployeeImportTest" name="PreButtonDispaly" time="0.055"/>
  <testcase classname="com.invicta.qa.testcases.EmployeeImportTest" name="NextButtonDispaly" time="0.094"/>
  <testcase classname="com.invicta.qa.testcases.EmployeeImportTest" name="TotalPage" time="157.372"/>
  <testcase classname="com.invicta.qa.testcases.EmployeeImportTest" name="DeliveryButton" time="4.005">
    <error message="Cannot invoke &quot;org.openqa.selenium.WebElement.click()&quot; because &quot;com.invicta.qa.pages.EmployeeImportPage.NavHomeButton&quot; is null" type="java.lang.NullPointerException">
      <![CDATA[java.lang.NullPointerException: Cannot invoke "org.openqa.selenium.WebElement.click()" because "com.invicta.qa.pages.EmployeeImportPage.NavHomeButton" is null
at com.invicta.qa.testcases.EmployeeImportTest.DeliveryButton(EmployeeImportTest.java:1552)
at java.base/jdk.internal.reflect.DirectMethodHandleAccessor.invoke(DirectMethodHandleAccessor.java:104)
at java.base/java.lang.reflect.Method.invoke(Method.java:578)
at org.testng.internal.MethodInvocationHelper.invokeMethod(MethodInvocationHelper.java:124)
at org.testng.internal.Invoker.invokeMethod(Invoker.java:583)
at org.testng.internal.Invoker.invokeTestMethod(Invoker.java:719)
at org.testng.internal.Invoker.invokeTestMethods(Invoker.java:989)
at org.testng.internal.TestMethodWorker.invokeTestMethods(TestMethodWorker.java:125)
at org.testng.internal.TestMethodWorker.run(TestMethodWorker.java:109)
at org.testng.TestRunner.privateRun(TestRunner.java:648)
at org.testng.TestRunner.run(TestRunner.java:505)
at org.testng.SuiteRunner.runTest(SuiteRunner.java:455)
at org.testng.SuiteRunner.runSequentially(SuiteRunner.java:450)
at org.testng.SuiteRunner.privateRun(SuiteRunner.java:415)
at org.testng.SuiteRunner.run(SuiteRunner.java:364)
at org.testng.SuiteRunnerWorker.runSuite(SuiteRunnerWorker.java:52)
at org.testng.SuiteRunnerWorker.run(SuiteRunnerWorker.java:84)
at org.testng.TestNG.runSuitesSequentially(TestNG.java:1208)
at org.testng.TestNG.runSuitesLocally(TestNG.java:1137)
at org.testng.TestNG.runSuites(TestNG.java:1049)
at org.testng.TestNG.run(TestNG.java:1017)
at org.testng.remote.AbstractRemoteTestNG.run(AbstractRemoteTestNG.java:115)
at org.testng.remote.RemoteTestNG.initAndRun(RemoteTestNG.java:251)
at org.testng.remote.RemoteTestNG.main(RemoteTestNG.java:77)
]]>
    </error>
  </testcase> <!-- DeliveryButton -->
  <testcase classname="com.invicta.qa.testcases.EmployeeImportTest" name="AfterMovetoSecPagepreButEnable" time="0.033">
    <error message="Cannot invoke &quot;org.openqa.selenium.WebElement.click()&quot; because &quot;com.invicta.qa.pages.EmployeeImportPage.NextPageBtn&quot; is null" type="java.lang.NullPointerException">
      <![CDATA[java.lang.NullPointerException: Cannot invoke "org.openqa.selenium.WebElement.click()" because "com.invicta.qa.pages.EmployeeImportPage.NextPageBtn" is null
at com.invicta.qa.testcases.EmployeeImportTest.AfterMovetoSecPagepreButEnable(EmployeeImportTest.java:1724)
at java.base/jdk.internal.reflect.DirectMethodHandleAccessor.invoke(DirectMethodHandleAccessor.java:104)
at java.base/java.lang.reflect.Method.invoke(Method.java:578)
at org.testng.internal.MethodInvocationHelper.invokeMethod(MethodInvocationHelper.java:124)
at org.testng.internal.Invoker.invokeMethod(Invoker.java:583)
at org.testng.internal.Invoker.invokeTestMethod(Invoker.java:719)
at org.testng.internal.Invoker.invokeTestMethods(Invoker.java:989)
at org.testng.internal.TestMethodWorker.invokeTestMethods(TestMethodWorker.java:125)
at org.testng.internal.TestMethodWorker.run(TestMethodWorker.java:109)
at org.testng.TestRunner.privateRun(TestRunner.java:648)
at org.testng.TestRunner.run(TestRunner.java:505)
at org.testng.SuiteRunner.runTest(SuiteRunner.java:455)
at org.testng.SuiteRunner.runSequentially(SuiteRunner.java:450)
at org.testng.SuiteRunner.privateRun(SuiteRunner.java:415)
at org.testng.SuiteRunner.run(SuiteRunner.java:364)
at org.testng.SuiteRunnerWorker.runSuite(SuiteRunnerWorker.java:52)
at org.testng.SuiteRunnerWorker.run(SuiteRunnerWorker.java:84)
at org.testng.TestNG.runSuitesSequentially(TestNG.java:1208)
at org.testng.TestNG.runSuitesLocally(TestNG.java:1137)
at org.testng.TestNG.runSuites(TestNG.java:1049)
at org.testng.TestNG.run(TestNG.java:1017)
at org.testng.remote.AbstractRemoteTestNG.run(AbstractRemoteTestNG.java:115)
at org.testng.remote.RemoteTestNG.initAndRun(RemoteTestNG.java:251)
at org.testng.remote.RemoteTestNG.main(RemoteTestNG.java:77)
]]>
    </error>
  </testcase> <!-- AfterMovetoSecPagepreButEnable -->
  <testcase classname="com.invicta.qa.testcases.EmployeeImportTest" name="RefreshDefaultPage" time="23.176"/>
  <testcase classname="com.invicta.qa.testcases.EmployeeImportTest" name="EmployeeImport" time="2.934"/>
</testsuite> <!-- com.invicta.qa.testcases.EmployeeImportTest -->
